<?xml version="1.0" encoding="UTF-8"?>
<testsuite xmlns:xsi="http://www.w3.org/2001/XMLSchema-instance" xsi:noNamespaceSchemaLocation="https://maven.apache.org/surefire/maven-surefire-plugin/xsd/surefire-test-report.xsd" version="3.0.2" name="tech.kayys.golek.model.core.SelectionPolicyTest" time="0.051" tests="2" errors="0" skipped="0" failures="0">
  <properties>
[...]
</properties>
  <testcase name="testRankRunners_LoadBalancing" classname="tech.kayys.golek.model.core.SelectionPolicyTest" time="0.046"/>
  <testcase name="testRankRunners_DeviceMatching" classname="tech.kayys.golek.model.core.SelectionPolicyTest" time="0.003"/>
</testsuite>