<?xml version="1.0" encoding="UTF-8"?>
<testsuite xmlns:xsi="http://www.w3.org/2001/XMLSchema-instance" xsi:noNamespaceSchemaLocation="https://maven.apache.org/surefire/maven-surefire-plugin/xsd/surefire-test-report.xsd" version="3.0.2" name="tech.kayys.golek.cli.commands.PullCommandTest" time="0.005" tests="3" errors="0" skipped="0" failures="0">
  <properties>
[...]
</properties>
  <testcase name="testPullCommandOllamaWithPrefix" classname="tech.kayys.golek.cli.commands.PullCommandTest" time="0.002">
    <system-out><![CDATA[Pulling model: ollama:mistral


Pull complete: ollama:mistral
]]></system-out>
  </testcase>
  <testcase name="testPullCommandOllama" classname="tech.kayys.golek.cli.commands.PullCommandTest" time="0.001">
    <system-out><![CDATA[Pulling model: llama2


Pull complete: llama2
]]></system-out>
  </testcase>
  <testcase name="testPullCommandHuggingFace" classname="tech.kayys.golek.cli.commands.PullCommandTest" time="0.001">
    <system-out><![CDATA[Pulling model: hf:TheBloke/Llama-2


Pull complete: hf:TheBloke/Llama-2
]]></system-out>
  </testcase>
</testsuite>