<?xml version="1.0" encoding="UTF-8"?>
<testsuite xmlns:xsi="http://www.w3.org/2001/XMLSchema-instance" xsi:noNamespaceSchemaLocation="https://maven.apache.org/surefire/maven-surefire-plugin/xsd/surefire-test-report.xsd" version="3.0.2" name="tech.kayys.golek.plugin.reasoning.OutputParserTest" time="0.026" tests="7" errors="0" skipped="0" failures="0">
  <properties>
[...]
</properties>
  <testcase name="extractFinalAnswer_stripsThinkingBlocks" classname="tech.kayys.golek.plugin.reasoning.OutputParserTest" time="0.012"/>
  <testcase name="extractFinalAnswer_handlesNull" classname="tech.kayys.golek.plugin.reasoning.OutputParserTest" time="0.001"/>
  <testcase name="parseToolCalls_returnsEmptyForPlainText" classname="tech.kayys.golek.plugin.reasoning.OutputParserTest" time="0.001"/>
  <testcase name="isMalformed_detectsTruncatedJson" classname="tech.kayys.golek.plugin.reasoning.OutputParserTest" time="0.001"/>
  <testcase name="parseToolCalls_detectsXmlToolCall" classname="tech.kayys.golek.plugin.reasoning.OutputParserTest" time="0.002"/>
  <testcase name="parseToolCalls_detectsJsonToolCall" classname="tech.kayys.golek.plugin.reasoning.OutputParserTest" time="0.0"/>
  <testcase name="parseToolCalls_handlesNull" classname="tech.kayys.golek.plugin.reasoning.OutputParserTest" time="0.001"/>
</testsuite>