<?xml version="1.0" encoding="UTF-8"?>
<testsuite xmlns:xsi="http://www.w3.org/2001/XMLSchema-instance" xsi:noNamespaceSchemaLocation="https://maven.apache.org/surefire/maven-surefire-plugin/xsd/surefire-test-report.xsd" version="3.0.2" name="tech.kayys.golek.provider.huggingface.HuggingFaceClientTest" time="1.121" tests="3" errors="0" skipped="0" failures="0">
  <properties>
[...]
</properties>
  <testcase name="testGetModelMetadata" classname="tech.kayys.golek.provider.huggingface.HuggingFaceClientTest" time="1.047">
    <system-err><![CDATA[Feb 07, 2026 11:58:19 AM org.jboss.logmanager.JBossLoggerFinder getLogger
ERROR: The LogManager accessed before the "java.util.logging.manager" system property was set to "org.jboss.logmanager.LogManager". Results may be unexpected.
WARNING: A Java agent has been loaded dynamically (/Users/bhangun/.m2/repository/net/bytebuddy/byte-buddy-agent/1.17.8/byte-buddy-agent-1.17.8.jar)
WARNING: If a serviceability tool is in use, please run with -XX:+EnableDynamicAgentLoading to hide this warning
WARNING: If a serviceability tool is not in use, please run with -Djdk.instrument.traceUsage for more information
WARNING: Dynamic loading of agents will be disallowed by default in a future release
]]></system-err>
  </testcase>
  <testcase name="testDownloadRange" classname="tech.kayys.golek.provider.huggingface.HuggingFaceClientTest" time="0.014"/>
  <testcase name="testDownloadFile" classname="tech.kayys.golek.provider.huggingface.HuggingFaceClientTest" time="0.039">
    <system-err><![CDATA[Feb 07, 2026 11:58:20 AM tech.kayys.golek.provider.huggingface.HuggingFaceClient downloadFile
INFO: Downloading model.gguf from org/model to /var/folders/84/0494h8l5047_vsjh7csk90ww0000gn/T/junit-13822775749989999715/model.gguf
Feb 07, 2026 11:58:20 AM tech.kayys.golek.provider.huggingface.HuggingFaceClient downloadFile
INFO: Download complete: /var/folders/84/0494h8l5047_vsjh7csk90ww0000gn/T/junit-13822775749989999715/model.gguf
]]></system-err>
  </testcase>
</testsuite>